2025-01-08 14:01:12,067 - INFO - Navigating to main page...
2025-01-08 14:01:12,552 - INFO - Clicking initial login button...
2025-01-08 14:01:12,783 - INFO - Filling credentials...
2025-01-08 14:01:12,895 - INFO - Submitting login form...
2025-01-08 14:01:23,369 - ERROR - Timeout while waiting for element: Message: 

2025-01-08 14:04:24,531 - INFO - Navigating to main page...
2025-01-08 14:04:25,222 - INFO - Clicking initial login button...
2025-01-08 14:04:25,530 - INFO - Filling credentials...
2025-01-08 14:04:25,640 - INFO - Submitting login form...
2025-01-08 14:04:36,089 - ERROR - Timeout while waiting for element: Message: 

2025-01-08 14:06:32,332 - INFO - Navigating to main page...
2025-01-08 14:06:33,505 - INFO - Clicking initial login button...
2025-01-08 14:06:33,767 - INFO - Filling credentials...
2025-01-08 14:06:33,884 - INFO - Submitting login form...
2025-01-08 14:13:07,851 - INFO - Navigating to main page...
2025-01-08 14:13:08,266 - INFO - Clicking initial login button...
2025-01-08 14:13:08,509 - INFO - Filling credentials...
2025-01-08 14:13:08,622 - INFO - Submitting login form...
2025-01-08 14:13:08,923 - INFO - Successfully logged in!
2025-01-08 14:13:43,804 - INFO - Navigating to main page...
2025-01-08 14:13:44,323 - INFO - Clicking initial login button...
2025-01-08 14:13:44,573 - INFO - Filling credentials...
2025-01-08 14:13:44,677 - INFO - Submitting login form...
2025-01-08 14:13:55,334 - ERROR - Timeout while waiting for element: Message: 
Stacktrace:
0   chromedriver                        0x000000010526a138 cxxbridge1$str$ptr + 3653888
1   chromedriver                        0x0000000105262988 cxxbridge1$str$ptr + 3623248
2   chromedriver                        0x0000000104cc8968 cxxbridge1$string$len + 89228
3   chromedriver                        0x0000000104d0cd4c cxxbridge1$string$len + 368752
4   chromedriver                        0x0000000104d464f0 cxxbridge1$string$len + 604180
5   chromedriver                        0x0000000104d01564 cxxbridge1$string$len + 321672
6   chromedriver                        0x0000000104d021b4 cxxbridge1$string$len + 324824
7   chromedriver                        0x0000000105234fc0 cxxbridge1$str$ptr + 3436424
8   chromedriver                        0x00000001052382dc cxxbridge1$str$ptr + 3449508
9   chromedriver                        0x000000010521be60 cxxbridge1$str$ptr + 3333672
10  chromedriver                        0x0000000105238b9c cxxbridge1$str$ptr + 3451748
11  chromedriver                        0x000000010520d678 cxxbridge1$str$ptr + 3274304
12  chromedriver                        0x00000001052532b4 cxxbridge1$str$ptr + 3560060
13  chromedriver                        0x0000000105253430 cxxbridge1$str$ptr + 3560440
14  chromedriver                        0x00000001052625fc cxxbridge1$str$ptr + 3622340
15  libsystem_pthread.dylib             0x000000019492b2e4 _pthread_start + 136
16  libsystem_pthread.dylib             0x00000001949260fc thread_start + 8

2025-01-08 14:15:02,608 - INFO - Navigating to main page...
2025-01-08 14:15:06,137 - INFO - Clicking initial login button...
2025-01-08 14:15:07,951 - INFO - Filling credentials...
2025-01-08 14:15:09,104 - INFO - Submitting login form...
2025-01-08 14:15:11,756 - INFO - Successfully logged in!
2025-01-08 14:22:09,281 - INFO - Navigating to main page...
2025-01-08 14:22:14,211 - INFO - Clicking initial login button...
2025-01-08 14:22:16,174 - INFO - Filling credentials...
2025-01-08 14:22:17,347 - INFO - Submitting login form...
2025-01-08 14:22:19,727 - INFO - Successfully logged in!
